<?xml version="1.0" encoding="utf-8"?><testsuites name="pytest tests"><testsuite name="pytest" errors="0" failures="0" skipped="0" tests="101" time="116.351" timestamp="2026-09-25T03:32:37.598324+00:00" hostname="agent-env-060cb805-0fd0-4670-894a-8b7ed16a355d"><testcase classname="tests.test_domus_v5.TestSEC001SettingsPin" name="test_protected_field_without_pin_401[pin_enabled-False]" time="0.752" /><testcase classname="tests.test_domus_v5.TestSEC001SettingsPin" name="test_protected_field_without_pin_401[pin_protect_disarm-True]" time="0.229" /><testcase classname="tests.test_domus_v5.TestSEC001SettingsPin" name="test_protected_field_without_pin_401[pin_protect_sensitive-True]" time="0.244" /><testcase classname="tests.test_domus_v5.TestSEC001SettingsPin" name="test_protected_field_without_pin_401[alarm_ha_code-9999]" time="0.319" /><testcase classname="tests.test_domus_v5.TestSEC001SettingsPin" name="test_protected_field_without_pin_401[alarm_use_pin_as_code-True]" time="0.230" /><testcase classname="tests.test_domus_v5.TestSEC001SettingsPin" name="test_protected_field_without_pin_401[alarm_entity_id-alarm_control_panel.allarme_casa]" time="0.257" /><testcase classname="tests.test_domus_v5.TestSEC001SettingsPin" name="test_protected_field_without_pin_401[alarm_modes-value6]" time="0.228" /><testcase classname="tests.test_domus_v5.TestSEC001SettingsPin" name="test_protected_field_without_pin_401[alarm_zone_ids-value7]" time="0.224" /><testcase classname="tests.test_domus_v5.TestSEC001SettingsPin" name="test_protected_field_without_pin_401[alarm_armed-disarmed]" time="0.248" /><testcase classname="tests.test_domus_v5.TestSEC001SettingsPin" name="test_protected_field_with_pin_200[pin_enabled-False]" time="0.340" /><testcase classname="tests.test_domus_v5.TestSEC001SettingsPin" name="test_protected_field_with_pin_200[pin_protect_disarm-True]" time="0.226" /><testcase classname="tests.test_domus_v5.TestSEC001SettingsPin" name="test_protected_field_with_pin_200[pin_protect_sensitive-True]" time="0.228" /><testcase classname="tests.test_domus_v5.TestSEC001SettingsPin" name="test_protected_field_with_pin_200[alarm_ha_code-9999]" time="0.242" /><testcase classname="tests.test_domus_v5.TestSEC001SettingsPin" name="test_protected_field_with_pin_200[alarm_use_pin_as_code-True]" time="0.220" /><testcase classname="tests.test_domus_v5.TestSEC001SettingsPin" name="test_protected_field_with_pin_200[alarm_entity_id-alarm_control_panel.allarme_casa]" time="0.286" /><testcase classname="tests.test_domus_v5.TestSEC001SettingsPin" name="test_protected_field_with_pin_200[alarm_modes-value6]" time="0.473" /><testcase classname="tests.test_domus_v5.TestSEC001SettingsPin" name="test_protected_field_with_pin_200[alarm_zone_ids-value7]" time="0.226" /><testcase classname="tests.test_domus_v5.TestSEC001SettingsPin" name="test_protected_field_with_pin_200[alarm_armed-disarmed]" time="0.250" /><testcase classname="tests.test_domus_v5.TestSEC001SettingsPin" name="test_nonprotected_field_without_pin_200[home_name-Casa Test]" time="0.228" /><testcase classname="tests.test_domus_v5.TestSEC001SettingsPin" name="test_nonprotected_field_without_pin_200[theme_mode-dark]" time="0.271" /><testcase classname="tests.test_domus_v5.TestSEC001SettingsPin" name="test_nonprotected_field_without_pin_200[color_presets-value2]" time="0.225" /><testcase classname="tests.test_domus_v5.TestSEC001SettingsPin" name="test_nonprotected_field_without_pin_200[backup_auto-daily]" time="0.232" /><testcase classname="tests.test_domus_v5.TestSEC001SettingsPin" name="test_nonprotected_field_without_pin_200[tts_entity-]" time="0.228" /><testcase classname="tests.test_domus_v5.TestSEC001SettingsPin" name="test_nonprotected_field_without_pin_200[ha_import_rooms-True]" time="0.236" /><testcase classname="tests.test_domus_v5.TestSEC001SettingsPin" name="test_nonprotected_field_without_pin_200[energy_cost-value6]" time="19.725" /><testcase classname="tests.test_domus_v5.TestSEC001SettingsPin" name="test_nonprotected_field_without_pin_200[climate_presets-value7]" time="0.237" /><testcase classname="tests.test_domus_v5.TestSEC001bPinToggleAffectsDisarm" name="test_disable_pin_disarm_no_pin_then_reenable" time="1.090" /><testcase classname="tests.test_domus_v5.TestSEC002BackupRestorePin" name="test_restore_without_pin_401" time="0.481" /><testcase classname="tests.test_domus_v5.TestSEC002BackupRestorePin" name="test_restore_with_pin_200_and_pin_preserved" time="0.596" /><testcase classname="tests.test_domus_v5.TestSEC002BackupRestorePin" name="test_import_without_restore_no_pin_required" time="0.377" /><testcase classname="tests.test_domus_v5.TestSEC002BackupRestorePin" name="test_import_with_restore_without_pin_401" time="0.351" /><testcase classname="tests.test_domus_v5.TestSEC002BackupRestorePin" name="test_import_with_restore_with_pin_200" time="0.870" /><testcase classname="tests.test_domus_v5.TestSEC004BackupNoSecrets" name="test_backup_download_excludes_secrets" time="0.355" /><testcase classname="tests.test_domus_v5.TestSEC003SensitiveActions" name="test_sensitive_scene_no_pin_401" time="0.785" /><testcase classname="tests.test_domus_v5.TestSEC003SensitiveActions" name="test_sensitive_scene_with_pin_200" time="0.302" /><testcase classname="tests.test_domus_v5.TestSEC003SensitiveActions" name="test_normal_scene_no_pin_200" time="0.264" /><testcase classname="tests.test_domus_v5.TestSEC003SensitiveActions" name="test_entity_sensitive_state_locked_requires_pin" time="0.420" /><testcase classname="tests.test_domus_v5.TestSEC003SensitiveActions" name="test_entity_siren_requires_pin" time="1.052" /><testcase classname="tests.test_domus_v5.TestSEC005HAProxyAndCast" name="test_ha_proxy_disallowed_path_404" time="0.105" /><testcase classname="tests.test_domus_v5.TestSEC005HAProxyAndCast" name="test_ha_proxy_allowed_prefix_not_404" time="0.131" /><testcase classname="tests.test_domus_v5.TestSEC005HAProxyAndCast" name="test_ha_proxy_dotdot_404" time="0.236" /><testcase classname="tests.test_domus_v5.TestSEC005HAProxyAndCast" name="test_ha_hls_invalid_chars_404" time="0.356" /><testcase classname="tests.test_domus_v5.TestSEC005HAProxyAndCast" name="test_cast_file_url_400" time="0.262" /><testcase classname="tests.test_domus_v5.TestSEC005HAProxyAndCast" name="test_cast_credentials_url_400" time="0.241" /><testcase classname="tests.test_domus_v5.TestSEC005HAProxyAndCast" name="test_cast_https_valid_200" time="0.887" /><testcase classname="tests.test_domus_v4.TestPinStatusAndLeaks" name="test_pin_status_shape_and_no_hash" time="0.797" /><testcase classname="tests.test_domus_v4.TestPinStatusAndLeaks" name="test_settings_and_app_data_do_not_expose_hash" time="0.270" /><testcase classname="tests.test_domus_v4.TestPinVerify" name="test_correct_pin_verifies" time="0.167" /><testcase classname="tests.test_domus_v4.TestPinVerify" name="test_wrong_pin_401" time="0.183" /><testcase classname="tests.test_domus_v4.TestPinVerify" name="test_lockout_after_5_failures" time="1.356" /><testcase classname="tests.test_domus_v4.TestAlarmDisarm" name="test_disarm_without_pin_401" time="62.800" /><testcase classname="tests.test_domus_v4.TestAlarmDisarm" name="test_disarm_wrong_pin_401" time="0.640" /><testcase classname="tests.test_domus_v4.TestAlarmDisarm" name="test_disarm_correct_pin_ok" time="0.700" /><testcase classname="tests.test_domus_v4.TestAlarmDisarm" name="test_arm_does_not_require_pin" time="1.305" /><testcase classname="tests.test_domus_v4.TestAlarmPanelHA" name="test_panels_list" time="0.174" /><testcase classname="tests.test_domus_v4.TestAlarmPanelHA" name="test_arm_calls_ha_service_and_disarm_passes_code" time="0.389" /><testcase classname="tests.test_domus_v4.TestAlarmPanelHA" name="test_ha_state_change_syncs_to_domus" time="0.510" /><testcase classname="tests.test_domus_v4.TestCameraStream" name="test_stream_url_hls_for_ha_camera" time="0.300" /><testcase classname="tests.test_domus_v4.TestCameraStream" name="test_stream_url_demo_camera" time="0.233" /><testcase classname="tests.test_domus_v4.TestCameraStream" name="test_hls_playlist_proxy" time="0.157" /><testcase classname="tests.test_domus_v4.TestCast" name="test_cast_camera_calls_play_stream" time="0.460" /><testcase classname="tests.test_domus_v4.TestCast" name="test_cast_dashboard_calls_play_media_url" time="0.569" /><testcase classname="tests.test_domus_v4.TestCast" name="test_cast_stop_clears_state" time="0.457" /><testcase classname="tests.test_domus_v4.TestSensitivePinEnforcement" name="test_privacy_requires_pin" time="0.616" /><testcase classname="tests.test_domus_v4.TestPinChange" name="test_change_wrong_current_401" time="0.172" /><testcase classname="tests.test_domus_v4.TestPinChange" name="test_change_and_revert" time="1.152" /><testcase classname="tests.test_domus_v4" name="test_final_cleanup_disarm_and_restore" time="0.429" /><testcase classname="tests.test_domus_v3.TestViews" name="test_seed_views_exist" time="0.114" /><testcase classname="tests.test_domus_v3.TestViews" name="test_view_crud" time="0.322" /><testcase classname="tests.test_domus_v3.TestViews" name="test_view_not_found" time="0.126" /><testcase classname="tests.test_domus_v3.TestSensors" name="test_alarm_zone_full_names_present" time="0.106" /><testcase classname="tests.test_domus_v3.TestSensors" name="test_simulate_zone_activation" time="0.142" /><testcase classname="tests.test_domus_v3.TestCameras" name="test_camera_ptz_direction" time="0.071" /><testcase classname="tests.test_domus_v3.TestCameras" name="test_camera_ptz_preset" time="0.063" /><testcase classname="tests.test_domus_v3.TestCameras" name="test_camera_ptz_bad_body" time="0.068" /><testcase classname="tests.test_domus_v3.TestCameras" name="test_camera_toggle_state" time="0.324" /><testcase classname="tests.test_domus_v3.TestCameras" name="test_doorbell_exists" time="0.000" /><testcase classname="tests.test_domus_v3.TestIntercom" name="test_intercom_ring_and_unlock" time="0.258" /><testcase classname="tests.test_domus_v3.TestIntercom" name="test_doorbell_ring_and_unlock" time="0.161" /><testcase classname="tests.test_domus_v3.TestMedia" name="test_media_players_exist" time="0.000" /><testcase classname="tests.test_domus_v3.TestMedia" name="test_media_commands" time="0.404" /><testcase classname="tests.test_domus_v3.TestMedia" name="test_tts_empty_message_400" time="0.061" /><testcase classname="tests.test_domus_v3.TestMedia" name="test_tts_sends" time="0.065" /><testcase classname="tests.test_domus_v3.TestMedia" name="test_notify_sends_to_screens" time="0.089" /><testcase classname="tests.test_domus_v3.TestHomeAssistant" name="test_fake_ha_running" time="0.002" /><testcase classname="tests.test_domus_v3.TestHomeAssistant" name="test_settings_masks_token" time="0.063" /><testcase classname="tests.test_domus_v3.TestHomeAssistant" name="test_ha_connect_and_status" time="0.111" /><testcase classname="tests.test_domus_v3.TestHomeAssistant" name="test_ha_import" time="0.170" /><testcase classname="tests.test_domus_v3.TestHomeAssistant" name="test_ha_states_lists" time="0.089" /><testcase classname="tests.test_domus_v3.TestHomeAssistant" name="test_ha_live_sync_state_change" time="1.071" /><testcase classname="tests.test_domus_v3.TestHomeAssistant" name="test_ha_domus_to_ha_call" time="1.170" /><testcase classname="tests.test_domus_v3.TestHomeAssistant" name="test_ha_disable_and_clear_token" time="0.183" /><testcase classname="tests.test_domus_v3.TestBackups" name="test_list_backups" time="0.073" /><testcase classname="tests.test_domus_v3.TestBackups" name="test_create_backup" time="0.071" /><testcase classname="tests.test_domus_v3.TestBackups" name="test_download_backup" time="0.068" /><testcase classname="tests.test_domus_v3.TestBackups" name="test_import_invalid_json_400" time="0.137" /><testcase classname="tests.test_domus_v3.TestBackups" name="test_path_traversal_blocked" time="0.069" /><testcase classname="tests.test_domus_v3.TestBackups" name="test_restore_roundtrip" time="0.522" /><testcase classname="tests.test_domus_v3.TestBackups" name="test_cleanup_delete_created_backups" time="0.140" /><testcase classname="tests.test_domus_v3.TestProblems" name="test_problems_shape" time="0.062" /><testcase classname="tests.test_domus_v3" name="test_zz_final_cleanup" time="0.268" /></testsuite></testsuites>