<?xml version="1.0" encoding="utf-8"?><testsuites name="pytest tests"><testsuite name="pytest" errors="0" failures="1" skipped="1" tests="120" time="249.099" timestamp="2026-09-25T12:00:40.557525+00:00" hostname="agent-env-060cb805-0fd0-4670-894a-8b7ed16a355d"><testcase classname="tests.test_domus_v6.TestLogs" name="test_logs_kinds_present" time="0.895" /><testcase classname="tests.test_domus_v6.TestLogs" name="test_entity_patch_logs_with_device_name" time="0.920" /><testcase classname="tests.test_domus_v6.TestLogs" name="test_editor_log_on_room_create" time="0.770" /><testcase classname="tests.test_domus_v6.TestLogs" name="test_alarm_log_generated" time="1.091" /><testcase classname="tests.test_domus_v6.TestLogs" name="test_logs_export_csv_italian_headers" time="0.147" /><testcase classname="tests.test_domus_v6.TestLogs" name="test_logs_delete_requires_pin" time="0.509" /><testcase classname="tests.test_domus_v6.TestDevices" name="test_heartbeat_and_list_online" time="0.239" /><testcase classname="tests.test_domus_v6.TestDevices" name="test_rename_device_reflected_in_logs" time="1.065" /><testcase classname="tests.test_domus_v6.TestAutomations" name="test_crud_and_manual_run" time="1.759" /><testcase classname="tests.test_domus_v6.TestAutomations" name="test_trigger_ring_runs_automation" time="1.621" /><testcase classname="tests.test_domus_v6.TestAutomations" name="test_pulse_action_toggles_off_after_seconds" time="28.751"><failure message="AssertionError: pulse should turn on&#10;assert False is True&#10; +  where False = &lt;built-in method get of dict object at 0xfb80ef79a3c0&gt;('on')&#10; +    where &lt;built-in method get of dict object at 0xfb80ef79a3c0&gt; = ({'on': False, 'brightness': 42, 'color_temp': 3200, 'rgb': [255, 214, 170], ...}).get&#10; +      where {'on': False, 'brightness': 42, 'color_temp': 3200, 'rgb': [255, 214, 170], ...} = &lt;built-in method get of dict object at 0xfb80ef77abc0&gt;('state')&#10; +        where &lt;built-in method get of dict object at 0xfb80ef77abc0&gt; = {'id': '5226fba1-6ef4-43d3-853c-9c7c26b95acd', 'name': 'Plafoniera Salotto', 'type': 'light', 'room_id': 'be5e5407-ba00-4133-aa40-bf74433668e6', ...}.get">self = &lt;test_domus_v6.TestAutomations object at 0xfb80efc2ad10&gt;
light = {'id': '5226fba1-6ef4-43d3-853c-9c7c26b95acd', 'name': 'Plafoniera Salotto', 'type': 'light', 'room_id': 'be5e5407-ba00-4133-aa40-bf74433668e6', ...}

    def test_pulse_action_toggles_off_after_seconds(self, light):
        # Set light off first
        requests.patch(f"{API}/entities/{light['id']}", json={"state": {"on": False}})
        payload = {
            "name": "TEST_v6_pulse",
            "enabled": True,
            "triggers": [],
            "actions": [{"type": "pulse", "entity_id": light["id"], "seconds": 0.6}],
        }
        r = requests.post(f"{API}/automations", json=payload)
        aid = r.json()["id"]
        try:
            requests.post(f"{API}/automations/{aid}/run")
            time.sleep(0.3)
            e = requests.get(f"{API}/entities/{light['id']}").json() if False else \
                next(x for x in requests.get(f"{API}/entities").json() if x["id"] == light["id"])
&gt;           assert (e.get("state") or {}).get("on") is True, "pulse should turn on"
E           AssertionError: pulse should turn on
E           assert False is True
E            +  where False = &lt;built-in method get of dict object at 0xfb80ef79a3c0&gt;('on')
E            +    where &lt;built-in method get of dict object at 0xfb80ef79a3c0&gt; = ({'on': False, 'brightness': 42, 'color_temp': 3200, 'rgb': [255, 214, 170], ...}).get
E            +      where {'on': False, 'brightness': 42, 'color_temp': 3200, 'rgb': [255, 214, 170], ...} = &lt;built-in method get of dict object at 0xfb80ef77abc0&gt;('state')
E            +        where &lt;built-in method get of dict object at 0xfb80ef77abc0&gt; = {'id': '5226fba1-6ef4-43d3-853c-9c7c26b95acd', 'name': 'Plafoniera Salotto', 'type': 'light', 'room_id': 'be5e5407-ba00-4133-aa40-bf74433668e6', ...}.get

tests/test_domus_v6.py:228: AssertionError</failure></testcase><testcase classname="tests.test_domus_v6.TestSounds" name="test_upload_get_delete_sound" time="14.233" /><testcase classname="tests.test_domus_v6.TestSounds" name="test_upload_rejects_invalid_extension" time="0.149" /><testcase classname="tests.test_domus_v6.TestGrids" name="test_grid_crud" time="0.477" /><testcase classname="tests.test_domus_v6.TestGrids" name="test_grid_not_found_404" time="0.237" /><testcase classname="tests.test_domus_v6.TestAlarmHASync" name="test_ha_triggered_reflected_in_state" time="3.845" /><testcase classname="tests.test_domus_v6.TestLEDEffects" name="test_effect_list_imported_and_service_called" time="0.001"><skipped type="pytest.skip" message="cannot inject led light into fake HA">/app/backend/tests/test_domus_v6.py:331: cannot inject led light into fake HA</skipped></testcase><testcase classname="tests.test_domus_v6.TestIntercomPopupSetting" name="test_toggle_intercom_popup" time="0.415" /><testcase classname="tests.test_domus_v6.TestIntercomPopupSetting" name="test_toggle_alarm_popup" time="1.407" /><testcase classname="tests.test_domus_v5.TestSEC001SettingsPin" name="test_protected_field_without_pin_401[pin_enabled-False]" time="0.698" /><testcase classname="tests.test_domus_v5.TestSEC001SettingsPin" name="test_protected_field_without_pin_401[pin_protect_disarm-True]" time="0.262" /><testcase classname="tests.test_domus_v5.TestSEC001SettingsPin" name="test_protected_field_without_pin_401[pin_protect_sensitive-True]" time="0.312" /><testcase classname="tests.test_domus_v5.TestSEC001SettingsPin" name="test_protected_field_without_pin_401[alarm_ha_code-9999]" time="0.264" /><testcase classname="tests.test_domus_v5.TestSEC001SettingsPin" name="test_protected_field_without_pin_401[alarm_use_pin_as_code-True]" time="0.273" /><testcase classname="tests.test_domus_v5.TestSEC001SettingsPin" name="test_protected_field_without_pin_401[alarm_entity_id-alarm_control_panel.allarme_casa]" time="0.236" /><testcase classname="tests.test_domus_v5.TestSEC001SettingsPin" name="test_protected_field_without_pin_401[alarm_modes-value6]" time="0.242" /><testcase classname="tests.test_domus_v5.TestSEC001SettingsPin" name="test_protected_field_without_pin_401[alarm_zone_ids-value7]" time="0.288" /><testcase classname="tests.test_domus_v5.TestSEC001SettingsPin" name="test_protected_field_without_pin_401[alarm_armed-disarmed]" time="0.290" /><testcase classname="tests.test_domus_v5.TestSEC001SettingsPin" name="test_protected_field_with_pin_200[pin_enabled-False]" time="0.367" /><testcase classname="tests.test_domus_v5.TestSEC001SettingsPin" name="test_protected_field_with_pin_200[pin_protect_disarm-True]" time="0.295" /><testcase classname="tests.test_domus_v5.TestSEC001SettingsPin" name="test_protected_field_with_pin_200[pin_protect_sensitive-True]" time="0.262" /><testcase classname="tests.test_domus_v5.TestSEC001SettingsPin" name="test_protected_field_with_pin_200[alarm_ha_code-9999]" time="0.233" /><testcase classname="tests.test_domus_v5.TestSEC001SettingsPin" name="test_protected_field_with_pin_200[alarm_use_pin_as_code-True]" time="0.257" /><testcase classname="tests.test_domus_v5.TestSEC001SettingsPin" name="test_protected_field_with_pin_200[alarm_entity_id-alarm_control_panel.allarme_casa]" time="0.872" /><testcase classname="tests.test_domus_v5.TestSEC001SettingsPin" name="test_protected_field_with_pin_200[alarm_modes-value6]" time="0.259" /><testcase classname="tests.test_domus_v5.TestSEC001SettingsPin" name="test_protected_field_with_pin_200[alarm_zone_ids-value7]" time="0.268" /><testcase classname="tests.test_domus_v5.TestSEC001SettingsPin" name="test_protected_field_with_pin_200[alarm_armed-disarmed]" time="0.278" /><testcase classname="tests.test_domus_v5.TestSEC001SettingsPin" name="test_nonprotected_field_without_pin_200[home_name-Casa Test]" time="0.242" /><testcase classname="tests.test_domus_v5.TestSEC001SettingsPin" name="test_nonprotected_field_without_pin_200[theme_mode-dark]" time="0.249" /><testcase classname="tests.test_domus_v5.TestSEC001SettingsPin" name="test_nonprotected_field_without_pin_200[color_presets-value2]" time="0.250" /><testcase classname="tests.test_domus_v5.TestSEC001SettingsPin" name="test_nonprotected_field_without_pin_200[backup_auto-daily]" time="0.326" /><testcase classname="tests.test_domus_v5.TestSEC001SettingsPin" name="test_nonprotected_field_without_pin_200[tts_entity-]" time="0.258" /><testcase classname="tests.test_domus_v5.TestSEC001SettingsPin" name="test_nonprotected_field_without_pin_200[ha_import_rooms-True]" time="0.232" /><testcase classname="tests.test_domus_v5.TestSEC001SettingsPin" name="test_nonprotected_field_without_pin_200[energy_cost-value6]" time="19.910" /><testcase classname="tests.test_domus_v5.TestSEC001SettingsPin" name="test_nonprotected_field_without_pin_200[climate_presets-value7]" time="0.242" /><testcase classname="tests.test_domus_v5.TestSEC001bPinToggleAffectsDisarm" name="test_disable_pin_disarm_no_pin_then_reenable" time="2.416" /><testcase classname="tests.test_domus_v5.TestSEC002BackupRestorePin" name="test_restore_without_pin_401" time="0.511" /><testcase classname="tests.test_domus_v5.TestSEC002BackupRestorePin" name="test_restore_with_pin_200_and_pin_preserved" time="0.667" /><testcase classname="tests.test_domus_v5.TestSEC002BackupRestorePin" name="test_import_without_restore_no_pin_required" time="0.398" /><testcase classname="tests.test_domus_v5.TestSEC002BackupRestorePin" name="test_import_with_restore_without_pin_401" time="0.427" /><testcase classname="tests.test_domus_v5.TestSEC002BackupRestorePin" name="test_import_with_restore_with_pin_200" time="0.837" /><testcase classname="tests.test_domus_v5.TestSEC004BackupNoSecrets" name="test_backup_download_excludes_secrets" time="0.396" /><testcase classname="tests.test_domus_v5.TestSEC003SensitiveActions" name="test_sensitive_scene_no_pin_401" time="0.893" /><testcase classname="tests.test_domus_v5.TestSEC003SensitiveActions" name="test_sensitive_scene_with_pin_200" time="0.323" /><testcase classname="tests.test_domus_v5.TestSEC003SensitiveActions" name="test_normal_scene_no_pin_200" time="0.249" /><testcase classname="tests.test_domus_v5.TestSEC003SensitiveActions" name="test_entity_sensitive_state_locked_requires_pin" time="0.479" /><testcase classname="tests.test_domus_v5.TestSEC003SensitiveActions" name="test_entity_siren_requires_pin" time="1.067" /><testcase classname="tests.test_domus_v5.TestSEC005HAProxyAndCast" name="test_ha_proxy_disallowed_path_404" time="0.148" /><testcase classname="tests.test_domus_v5.TestSEC005HAProxyAndCast" name="test_ha_proxy_allowed_prefix_not_404" time="0.137" /><testcase classname="tests.test_domus_v5.TestSEC005HAProxyAndCast" name="test_ha_proxy_dotdot_404" time="0.257" /><testcase classname="tests.test_domus_v5.TestSEC005HAProxyAndCast" name="test_ha_hls_invalid_chars_404" time="0.444" /><testcase classname="tests.test_domus_v5.TestSEC005HAProxyAndCast" name="test_cast_file_url_400" time="68.418" /><testcase classname="tests.test_domus_v5.TestSEC005HAProxyAndCast" name="test_cast_credentials_url_400" time="0.257" /><testcase classname="tests.test_domus_v5.TestSEC005HAProxyAndCast" name="test_cast_https_valid_200" time="0.968" /><testcase classname="tests.test_domus_v4.TestPinStatusAndLeaks" name="test_pin_status_shape_and_no_hash" time="0.824" /><testcase classname="tests.test_domus_v4.TestPinStatusAndLeaks" name="test_settings_and_app_data_do_not_expose_hash" time="0.318" /><testcase classname="tests.test_domus_v4.TestPinVerify" name="test_correct_pin_verifies" time="0.196" /><testcase classname="tests.test_domus_v4.TestPinVerify" name="test_wrong_pin_401" time="0.178" /><testcase classname="tests.test_domus_v4.TestPinVerify" name="test_lockout_after_5_failures" time="1.487" /><testcase classname="tests.test_domus_v4.TestAlarmDisarm" name="test_disarm_without_pin_401" time="62.818" /><testcase classname="tests.test_domus_v4.TestAlarmDisarm" name="test_disarm_wrong_pin_401" time="0.688" /><testcase classname="tests.test_domus_v4.TestAlarmDisarm" name="test_disarm_correct_pin_ok" time="0.805" /><testcase classname="tests.test_domus_v4.TestAlarmDisarm" name="test_arm_does_not_require_pin" time="1.356" /><testcase classname="tests.test_domus_v4.TestAlarmPanelHA" name="test_panels_list" time="0.150" /><testcase classname="tests.test_domus_v4.TestAlarmPanelHA" name="test_arm_calls_ha_service_and_disarm_passes_code" time="0.383" /><testcase classname="tests.test_domus_v4.TestAlarmPanelHA" name="test_ha_state_change_syncs_to_domus" time="0.526" /><testcase classname="tests.test_domus_v4.TestCameraStream" name="test_stream_url_hls_for_ha_camera" time="0.260" /><testcase classname="tests.test_domus_v4.TestCameraStream" name="test_stream_url_demo_camera" time="0.267" /><testcase classname="tests.test_domus_v4.TestCameraStream" name="test_hls_playlist_proxy" time="0.212" /><testcase classname="tests.test_domus_v4.TestCast" name="test_cast_camera_calls_play_stream" time="0.406" /><testcase classname="tests.test_domus_v4.TestCast" name="test_cast_dashboard_calls_play_media_url" time="0.301" /><testcase classname="tests.test_domus_v4.TestCast" name="test_cast_stop_clears_state" time="0.475" /><testcase classname="tests.test_domus_v4.TestSensitivePinEnforcement" name="test_privacy_requires_pin" time="0.656" /><testcase classname="tests.test_domus_v4.TestPinChange" name="test_change_wrong_current_401" time="2.064" /><testcase classname="tests.test_domus_v4.TestPinChange" name="test_change_and_revert" time="1.188" /><testcase classname="tests.test_domus_v4" name="test_final_cleanup_disarm_and_restore" time="0.536" /><testcase classname="tests.test_domus_v3.TestViews" name="test_seed_views_exist" time="0.143" /><testcase classname="tests.test_domus_v3.TestViews" name="test_view_crud" time="0.353" /><testcase classname="tests.test_domus_v3.TestViews" name="test_view_not_found" time="0.153" /><testcase classname="tests.test_domus_v3.TestSensors" name="test_alarm_zone_full_names_present" time="0.129" /><testcase classname="tests.test_domus_v3.TestSensors" name="test_simulate_zone_activation" time="0.150" /><testcase classname="tests.test_domus_v3.TestCameras" name="test_camera_ptz_direction" time="0.075" /><testcase classname="tests.test_domus_v3.TestCameras" name="test_camera_ptz_preset" time="0.076" /><testcase classname="tests.test_domus_v3.TestCameras" name="test_camera_ptz_bad_body" time="0.078" /><testcase classname="tests.test_domus_v3.TestCameras" name="test_camera_toggle_state" time="0.342" /><testcase classname="tests.test_domus_v3.TestCameras" name="test_doorbell_exists" time="0.000" /><testcase classname="tests.test_domus_v3.TestIntercom" name="test_intercom_ring_and_unlock" time="0.294" /><testcase classname="tests.test_domus_v3.TestIntercom" name="test_doorbell_ring_and_unlock" time="0.166" /><testcase classname="tests.test_domus_v3.TestMedia" name="test_media_players_exist" time="0.000" /><testcase classname="tests.test_domus_v3.TestMedia" name="test_media_commands" time="0.434" /><testcase classname="tests.test_domus_v3.TestMedia" name="test_tts_empty_message_400" time="0.075" /><testcase classname="tests.test_domus_v3.TestMedia" name="test_tts_sends" time="0.080" /><testcase classname="tests.test_domus_v3.TestMedia" name="test_notify_sends_to_screens" time="0.100" /><testcase classname="tests.test_domus_v3.TestHomeAssistant" name="test_fake_ha_running" time="0.003" /><testcase classname="tests.test_domus_v3.TestHomeAssistant" name="test_settings_masks_token" time="0.073" /><testcase classname="tests.test_domus_v3.TestHomeAssistant" name="test_ha_connect_and_status" time="0.127" /><testcase classname="tests.test_domus_v3.TestHomeAssistant" name="test_ha_import" time="0.182" /><testcase classname="tests.test_domus_v3.TestHomeAssistant" name="test_ha_states_lists" time="0.095" /><testcase classname="tests.test_domus_v3.TestHomeAssistant" name="test_ha_live_sync_state_change" time="1.084" /><testcase classname="tests.test_domus_v3.TestHomeAssistant" name="test_ha_domus_to_ha_call" time="1.181" /><testcase classname="tests.test_domus_v3.TestHomeAssistant" name="test_ha_disable_and_clear_token" time="0.238" /><testcase classname="tests.test_domus_v3.TestBackups" name="test_list_backups" time="0.104" /><testcase classname="tests.test_domus_v3.TestBackups" name="test_create_backup" time="0.096" /><testcase classname="tests.test_domus_v3.TestBackups" name="test_download_backup" time="0.106" /><testcase classname="tests.test_domus_v3.TestBackups" name="test_import_invalid_json_400" time="0.146" /><testcase classname="tests.test_domus_v3.TestBackups" name="test_path_traversal_blocked" time="0.088" /><testcase classname="tests.test_domus_v3.TestBackups" name="test_restore_roundtrip" time="0.675" /><testcase classname="tests.test_domus_v3.TestBackups" name="test_cleanup_delete_created_backups" time="0.146" /><testcase classname="tests.test_domus_v3.TestProblems" name="test_problems_shape" time="0.074" /><testcase classname="tests.test_domus_v3" name="test_zz_final_cleanup" time="0.231" /></testsuite></testsuites>