<?xml version="1.0" encoding="utf-8"?><testsuites name="pytest tests"><testsuite name="pytest" errors="0" failures="0" skipped="1" tests="19" time="17.455" timestamp="2026-09-25T12:05:11.590750+00:00" hostname="agent-env-060cb805-0fd0-4670-894a-8b7ed16a355d"><testcase classname="tests.test_domus_v6.TestLogs" name="test_logs_kinds_present" time="0.953" /><testcase classname="tests.test_domus_v6.TestLogs" name="test_entity_patch_logs_with_device_name" time="0.892" /><testcase classname="tests.test_domus_v6.TestLogs" name="test_editor_log_on_room_create" time="0.781" /><testcase classname="tests.test_domus_v6.TestLogs" name="test_alarm_log_generated" time="1.013" /><testcase classname="tests.test_domus_v6.TestLogs" name="test_logs_export_csv_italian_headers" time="0.129" /><testcase classname="tests.test_domus_v6.TestLogs" name="test_logs_delete_requires_pin" time="0.709" /><testcase classname="tests.test_domus_v6.TestDevices" name="test_heartbeat_and_list_online" time="0.267" /><testcase classname="tests.test_domus_v6.TestDevices" name="test_rename_device_reflected_in_logs" time="1.143" /><testcase classname="tests.test_domus_v6.TestAutomations" name="test_crud_and_manual_run" time="1.635" /><testcase classname="tests.test_domus_v6.TestAutomations" name="test_trigger_ring_runs_automation" time="1.671" /><testcase classname="tests.test_domus_v6.TestAutomations" name="test_pulse_action_toggles_off_after_seconds" time="2.169" /><testcase classname="tests.test_domus_v6.TestSounds" name="test_upload_get_delete_sound" time="0.925" /><testcase classname="tests.test_domus_v6.TestSounds" name="test_upload_rejects_invalid_extension" time="0.120" /><testcase classname="tests.test_domus_v6.TestGrids" name="test_grid_crud" time="0.507" /><testcase classname="tests.test_domus_v6.TestGrids" name="test_grid_not_found_404" time="0.265" /><testcase classname="tests.test_domus_v6.TestAlarmHASync" name="test_ha_triggered_reflected_in_state" time="2.908" /><testcase classname="tests.test_domus_v6.TestLEDEffects" name="test_effect_list_imported_and_service_called" time="0.001"><skipped type="pytest.skip" message="cannot inject led light into fake HA">/app/backend/tests/test_domus_v6.py:327: cannot inject led light into fake HA</skipped></testcase><testcase classname="tests.test_domus_v6.TestIntercomPopupSetting" name="test_toggle_intercom_popup" time="0.419" /><testcase classname="tests.test_domus_v6.TestIntercomPopupSetting" name="test_toggle_alarm_popup" time="0.863" /></testsuite></testsuites>