<?xml version="1.0" encoding="utf-8"?><testsuites name="pytest tests"><testsuite name="pytest" errors="0" failures="0" skipped="0" tests="13" time="3.391" timestamp="2026-09-24T23:43:49.722254+00:00" hostname="agent-env-060cb805-0fd0-4670-894a-8b7ed16a355d"><testcase classname="tests.test_domus_api.TestRooms" name="test_list_seeded_rooms" time="0.321" /><testcase classname="tests.test_domus_api.TestEntities" name="test_filter_by_type_light" time="0.351" /><testcase classname="tests.test_domus_api.TestRooms" name="test_room_crud_and_orphan" time="0.622" /><testcase classname="tests.test_domus_api.TestEntities" name="test_filter_unassigned" time="0.130" /><testcase classname="tests.test_domus_api.TestEntities" name="test_patch_state_merges" time="0.225" /><testcase classname="tests.test_domus_api.TestEntities" name="test_move_entity" time="0.545" /><testcase classname="tests.test_domus_api.TestDiscovered" name="test_list_and_mock_and_assign" time="0.477" /><testcase classname="tests.test_domus_api.TestEntities" name="test_delete_entity" time="0.345" /><testcase classname="tests.test_domus_api.TestDiscovered" name="test_assign_invalid_room" time="0.330" /><testcase classname="tests.test_domus_api.TestSettings" name="test_get_settings" time="0.111" /><testcase classname="tests.test_domus_api.TestSettings" name="test_patch_settings_persists" time="0.344" /><testcase classname="tests.test_domus_api.TestIntercomAlarm" name="test_intercom_ring_answer_unlock" time="0.362" /><testcase classname="tests.test_domus_api.TestIntercomAlarm" name="test_alarm_invalid_and_valid" time="0.369" /></testsuite></testsuites>