<?xml version="1.0" encoding="utf-8"?><testsuites name="pytest tests"><testsuite name="pytest" errors="0" failures="1" skipped="0" tests="22" time="73.938" timestamp="2026-09-25T02:43:51.275306+00:00" hostname="agent-env-060cb805-0fd0-4670-894a-8b7ed16a355d"><testcase classname="tests.test_domus_v4.TestPinStatusAndLeaks" name="test_pin_status_shape_and_no_hash" time="0.993" /><testcase classname="tests.test_domus_v4.TestPinStatusAndLeaks" name="test_settings_and_app_data_do_not_expose_hash" time="0.803" /><testcase classname="tests.test_domus_v4.TestPinVerify" name="test_correct_pin_verifies" time="0.195" /><testcase classname="tests.test_domus_v4.TestPinVerify" name="test_wrong_pin_401" time="0.161" /><testcase classname="tests.test_domus_v4.TestPinVerify" name="test_lockout_after_5_failures" time="1.090" /><testcase classname="tests.test_domus_v4.TestAlarmDisarm" name="test_disarm_without_pin_401" time="62.785" /><testcase classname="tests.test_domus_v4.TestAlarmDisarm" name="test_disarm_wrong_pin_401" time="0.684" /><testcase classname="tests.test_domus_v4.TestAlarmDisarm" name="test_disarm_correct_pin_ok" time="0.710" /><testcase classname="tests.test_domus_v4.TestAlarmDisarm" name="test_arm_does_not_require_pin" time="1.395" /><testcase classname="tests.test_domus_v4.TestAlarmPanelHA" name="test_panels_list" time="0.141" /><testcase classname="tests.test_domus_v4.TestAlarmPanelHA" name="test_arm_calls_ha_service_and_disarm_passes_code" time="0.426" /><testcase classname="tests.test_domus_v4.TestAlarmPanelHA" name="test_ha_state_change_syncs_to_domus" time="0.327" /><testcase classname="tests.test_domus_v4.TestCameraStream" name="test_stream_url_hls_for_ha_camera" time="0.263" /><testcase classname="tests.test_domus_v4.TestCameraStream" name="test_stream_url_demo_camera" time="0.259" /><testcase classname="tests.test_domus_v4.TestCameraStream" name="test_hls_playlist_proxy" time="0.174" /><testcase classname="tests.test_domus_v4.TestCast" name="test_cast_camera_calls_play_stream" time="0.472" /><testcase classname="tests.test_domus_v4.TestCast" name="test_cast_dashboard_calls_play_media_url" time="0.321" /><testcase classname="tests.test_domus_v4.TestCast" name="test_cast_stop_clears_state" time="0.493" /><testcase classname="tests.test_domus_v4.TestSensitivePinEnforcement" name="test_privacy_requires_pin" time="0.321"><failure message="AssertionError: expected 401 without pin, got 405&#10;assert 405 == 401&#10; +  where 405 = &lt;Response [405]&gt;.status_code">tests/test_domus_v4.py:283: in test_privacy_requires_pin
    assert r.status_code == 401, f"expected 401 without pin, got {r.status_code}"
E   AssertionError: expected 401 without pin, got 405
E   assert 405 == 401
E    +  where 405 = &lt;Response [405]&gt;.status_code</failure></testcase><testcase classname="tests.test_domus_v4.TestPinChange" name="test_change_wrong_current_401" time="0.168" /><testcase classname="tests.test_domus_v4.TestPinChange" name="test_change_and_revert" time="1.181" /><testcase classname="tests.test_domus_v4" name="test_final_cleanup_disarm_and_restore" time="0.459" /></testsuite></testsuites>