<?xml version="1.0" encoding="utf-8"?><testsuites name="pytest tests"><testsuite name="pytest" errors="0" failures="0" skipped="0" tests="34" time="7.730" timestamp="2026-09-25T02:01:30.904986+00:00" hostname="agent-env-060cb805-0fd0-4670-894a-8b7ed16a355d"><testcase classname="tests.test_domus_v3.TestViews" name="test_seed_views_exist" time="0.159" /><testcase classname="tests.test_domus_v3.TestViews" name="test_view_crud" time="0.416" /><testcase classname="tests.test_domus_v3.TestViews" name="test_view_not_found" time="0.150" /><testcase classname="tests.test_domus_v3.TestSensors" name="test_alarm_zone_full_names_present" time="0.650" /><testcase classname="tests.test_domus_v3.TestSensors" name="test_simulate_zone_activation" time="0.150" /><testcase classname="tests.test_domus_v3.TestCameras" name="test_camera_ptz_direction" time="0.085" /><testcase classname="tests.test_domus_v3.TestCameras" name="test_camera_ptz_preset" time="0.078" /><testcase classname="tests.test_domus_v3.TestCameras" name="test_camera_ptz_bad_body" time="0.100" /><testcase classname="tests.test_domus_v3.TestCameras" name="test_camera_toggle_state" time="0.248" /><testcase classname="tests.test_domus_v3.TestCameras" name="test_doorbell_exists" time="0.000" /><testcase classname="tests.test_domus_v3.TestIntercom" name="test_intercom_ring_and_unlock" time="0.228" /><testcase classname="tests.test_domus_v3.TestIntercom" name="test_doorbell_ring_and_unlock" time="0.156" /><testcase classname="tests.test_domus_v3.TestMedia" name="test_media_players_exist" time="0.000" /><testcase classname="tests.test_domus_v3.TestMedia" name="test_media_commands" time="0.452" /><testcase classname="tests.test_domus_v3.TestMedia" name="test_tts_empty_message_400" time="0.075" /><testcase classname="tests.test_domus_v3.TestMedia" name="test_tts_sends" time="0.068" /><testcase classname="tests.test_domus_v3.TestMedia" name="test_notify_sends_to_screens" time="0.076" /><testcase classname="tests.test_domus_v3.TestHomeAssistant" name="test_fake_ha_running" time="0.002" /><testcase classname="tests.test_domus_v3.TestHomeAssistant" name="test_settings_masks_token" time="0.070" /><testcase classname="tests.test_domus_v3.TestHomeAssistant" name="test_ha_connect_and_status" time="0.125" /><testcase classname="tests.test_domus_v3.TestHomeAssistant" name="test_ha_import" time="0.185" /><testcase classname="tests.test_domus_v3.TestHomeAssistant" name="test_ha_states_lists" time="0.093" /><testcase classname="tests.test_domus_v3.TestHomeAssistant" name="test_ha_live_sync_state_change" time="1.080" /><testcase classname="tests.test_domus_v3.TestHomeAssistant" name="test_ha_domus_to_ha_call" time="1.193" /><testcase classname="tests.test_domus_v3.TestHomeAssistant" name="test_ha_disable_and_clear_token" time="0.208" /><testcase classname="tests.test_domus_v3.TestBackups" name="test_list_backups" time="0.072" /><testcase classname="tests.test_domus_v3.TestBackups" name="test_create_backup" time="0.076" /><testcase classname="tests.test_domus_v3.TestBackups" name="test_download_backup" time="0.085" /><testcase classname="tests.test_domus_v3.TestBackups" name="test_import_invalid_json_400" time="0.271" /><testcase classname="tests.test_domus_v3.TestBackups" name="test_path_traversal_blocked" time="0.095" /><testcase classname="tests.test_domus_v3.TestBackups" name="test_restore_roundtrip" time="0.519" /><testcase classname="tests.test_domus_v3.TestBackups" name="test_cleanup_delete_created_backups" time="0.169" /><testcase classname="tests.test_domus_v3.TestProblems" name="test_problems_shape" time="0.076" /><testcase classname="tests.test_domus_v3" name="test_zz_final_cleanup" time="0.206" /></testsuite></testsuites>