<?xml version="1.0" encoding="utf-8"?><testsuites name="pytest tests"><testsuite name="pytest" errors="0" failures="0" skipped="0" tests="17" time="9.243" timestamp="2026-09-25T00:41:13.697728+00:00" hostname="agent-env-060cb805-0fd0-4670-894a-8b7ed16a355d"><testcase classname="tests.test_domus_v2" name="test_app_data_shape" time="0.830" /><testcase classname="tests.test_domus_v2" name="test_weather_override_and_reset" time="0.571" /><testcase classname="tests.test_domus_v2" name="test_sync_group_propagates_on" time="0.205" /><testcase classname="tests.test_domus_v2" name="test_sync_group_propagates_off_via_tasto" time="0.255" /><testcase classname="tests.test_domus_v2" name="test_group_toggle_endpoint" time="0.417" /><testcase classname="tests.test_domus_v2" name="test_panel_groups_exist" time="0.000" /><testcase classname="tests.test_domus_v2" name="test_group_crud_sync" time="0.545" /><testcase classname="tests.test_domus_v2" name="test_scene_cinema_activate" time="0.202" /><testcase classname="tests.test_domus_v2" name="test_scene_crud" time="0.552" /><testcase classname="tests.test_domus_v2" name="test_thermostat_target_and_preset" time="0.453" /><testcase classname="tests.test_domus_v2" name="test_shared_actuator_caldaia_on_if_any_demand" time="0.428" /><testcase classname="tests.test_domus_v2" name="test_zone_set_and_set_all" time="0.567" /><testcase classname="tests.test_domus_v2" name="test_zone_crud_and_thermostat_crud" time="1.003" /><testcase classname="tests.test_domus_v2" name="test_settings_presets_persist" time="0.395" /><testcase classname="tests.test_domus_v2" name="test_room_crud_orphaning" time="0.724" /><testcase classname="tests.test_domus_v2" name="test_discovered_mock_and_assign" time="0.411" /><testcase classname="tests.test_domus_v2" name="test_alarm_and_intercom" time="1.048" /></testsuite></testsuites>