<?xml version="1.0" encoding="utf-8"?><testsuites name="pytest tests"><testsuite name="pytest" errors="0" failures="0" skipped="0" tests="45" time="53.400" timestamp="2026-09-25T03:20:03.019788+00:00" hostname="agent-env-060cb805-0fd0-4670-894a-8b7ed16a355d"><testcase classname="tests.test_domus_v5.TestSEC001SettingsPin" name="test_protected_field_without_pin_401[pin_enabled-False]" time="0.773" /><testcase classname="tests.test_domus_v5.TestSEC001SettingsPin" name="test_protected_field_without_pin_401[pin_protect_disarm-True]" time="0.233" /><testcase classname="tests.test_domus_v5.TestSEC001SettingsPin" name="test_protected_field_without_pin_401[pin_protect_sensitive-True]" time="0.240" /><testcase classname="tests.test_domus_v5.TestSEC001SettingsPin" name="test_protected_field_without_pin_401[alarm_ha_code-9999]" time="0.234" /><testcase classname="tests.test_domus_v5.TestSEC001SettingsPin" name="test_protected_field_without_pin_401[alarm_use_pin_as_code-True]" time="0.246" /><testcase classname="tests.test_domus_v5.TestSEC001SettingsPin" name="test_protected_field_without_pin_401[alarm_entity_id-alarm_control_panel.allarme_casa]" time="0.251" /><testcase classname="tests.test_domus_v5.TestSEC001SettingsPin" name="test_protected_field_without_pin_401[alarm_modes-value6]" time="0.266" /><testcase classname="tests.test_domus_v5.TestSEC001SettingsPin" name="test_protected_field_without_pin_401[alarm_zone_ids-value7]" time="1.273" /><testcase classname="tests.test_domus_v5.TestSEC001SettingsPin" name="test_protected_field_without_pin_401[alarm_armed-disarmed]" time="0.248" /><testcase classname="tests.test_domus_v5.TestSEC001SettingsPin" name="test_protected_field_with_pin_200[pin_enabled-False]" time="0.294" /><testcase classname="tests.test_domus_v5.TestSEC001SettingsPin" name="test_protected_field_with_pin_200[pin_protect_disarm-True]" time="0.263" /><testcase classname="tests.test_domus_v5.TestSEC001SettingsPin" name="test_protected_field_with_pin_200[pin_protect_sensitive-True]" time="0.242" /><testcase classname="tests.test_domus_v5.TestSEC001SettingsPin" name="test_protected_field_with_pin_200[alarm_ha_code-9999]" time="0.215" /><testcase classname="tests.test_domus_v5.TestSEC001SettingsPin" name="test_protected_field_with_pin_200[alarm_use_pin_as_code-True]" time="0.250" /><testcase classname="tests.test_domus_v5.TestSEC001SettingsPin" name="test_protected_field_with_pin_200[alarm_entity_id-alarm_control_panel.allarme_casa]" time="0.291" /><testcase classname="tests.test_domus_v5.TestSEC001SettingsPin" name="test_protected_field_with_pin_200[alarm_modes-value6]" time="0.222" /><testcase classname="tests.test_domus_v5.TestSEC001SettingsPin" name="test_protected_field_with_pin_200[alarm_zone_ids-value7]" time="0.253" /><testcase classname="tests.test_domus_v5.TestSEC001SettingsPin" name="test_protected_field_with_pin_200[alarm_armed-disarmed]" time="0.260" /><testcase classname="tests.test_domus_v5.TestSEC001SettingsPin" name="test_nonprotected_field_without_pin_200[home_name-Casa Test]" time="0.270" /><testcase classname="tests.test_domus_v5.TestSEC001SettingsPin" name="test_nonprotected_field_without_pin_200[theme_mode-dark]" time="0.268" /><testcase classname="tests.test_domus_v5.TestSEC001SettingsPin" name="test_nonprotected_field_without_pin_200[color_presets-value2]" time="0.245" /><testcase classname="tests.test_domus_v5.TestSEC001SettingsPin" name="test_nonprotected_field_without_pin_200[backup_auto-daily]" time="0.244" /><testcase classname="tests.test_domus_v5.TestSEC001SettingsPin" name="test_nonprotected_field_without_pin_200[tts_entity-]" time="0.255" /><testcase classname="tests.test_domus_v5.TestSEC001SettingsPin" name="test_nonprotected_field_without_pin_200[ha_import_rooms-True]" time="0.235" /><testcase classname="tests.test_domus_v5.TestSEC001SettingsPin" name="test_nonprotected_field_without_pin_200[energy_cost-value6]" time="0.239" /><testcase classname="tests.test_domus_v5.TestSEC001SettingsPin" name="test_nonprotected_field_without_pin_200[climate_presets-value7]" time="0.253" /><testcase classname="tests.test_domus_v5.TestSEC001bPinToggleAffectsDisarm" name="test_disable_pin_disarm_no_pin_then_reenable" time="1.259" /><testcase classname="tests.test_domus_v5.TestSEC002BackupRestorePin" name="test_restore_without_pin_401" time="0.476" /><testcase classname="tests.test_domus_v5.TestSEC002BackupRestorePin" name="test_restore_with_pin_200_and_pin_preserved" time="0.606" /><testcase classname="tests.test_domus_v5.TestSEC002BackupRestorePin" name="test_import_without_restore_no_pin_required" time="0.415" /><testcase classname="tests.test_domus_v5.TestSEC002BackupRestorePin" name="test_import_with_restore_without_pin_401" time="0.362" /><testcase classname="tests.test_domus_v5.TestSEC002BackupRestorePin" name="test_import_with_restore_with_pin_200" time="0.741" /><testcase classname="tests.test_domus_v5.TestSEC004BackupNoSecrets" name="test_backup_download_excludes_secrets" time="0.397" /><testcase classname="tests.test_domus_v5.TestSEC003SensitiveActions" name="test_sensitive_scene_no_pin_401" time="0.873" /><testcase classname="tests.test_domus_v5.TestSEC003SensitiveActions" name="test_sensitive_scene_with_pin_200" time="0.320" /><testcase classname="tests.test_domus_v5.TestSEC003SensitiveActions" name="test_normal_scene_no_pin_200" time="0.240" /><testcase classname="tests.test_domus_v5.TestSEC003SensitiveActions" name="test_entity_sensitive_state_locked_requires_pin" time="0.426" /><testcase classname="tests.test_domus_v5.TestSEC003SensitiveActions" name="test_entity_siren_requires_pin" time="1.005" /><testcase classname="tests.test_domus_v5.TestSEC005HAProxyAndCast" name="test_ha_proxy_disallowed_path_404" time="0.153" /><testcase classname="tests.test_domus_v5.TestSEC005HAProxyAndCast" name="test_ha_proxy_allowed_prefix_not_404" time="0.167" /><testcase classname="tests.test_domus_v5.TestSEC005HAProxyAndCast" name="test_ha_proxy_dotdot_404" time="0.235" /><testcase classname="tests.test_domus_v5.TestSEC005HAProxyAndCast" name="test_ha_hls_invalid_chars_404" time="36.126" /><testcase classname="tests.test_domus_v5.TestSEC005HAProxyAndCast" name="test_cast_file_url_400" time="0.279" /><testcase classname="tests.test_domus_v5.TestSEC005HAProxyAndCast" name="test_cast_credentials_url_400" time="0.229" /><testcase classname="tests.test_domus_v5.TestSEC005HAProxyAndCast" name="test_cast_https_valid_200" time="0.940" /></testsuite></testsuites>